
  .   ____          _            __ _ _
 /\\ / ___'_ __ _ _(_)_ __  __ _ \ \ \ \
( ( )\___ | '_ | '_| | '_ \/ _` | \ \ \ \
 \\/  ___)| |_)| | | | | || (_| |  ) ) ) )
  '  |____| .__|_| |_|_| |_\__, | / / / /
 =========|_|==============|___/=/_/_/_/
 :: Spring Boot ::                (v3.2.2)

2026-02-02T13:43:43.422+09:00  INFO 95084 --- [dr-nyam] [           main] c.p.dr_nyam_be.DrNyamBeApplication       : Starting DrNyamBeApplication v0.0.1-SNAPSHOT using Java 17.0.15 with PID 95084 (/Users/hanminjeong/Desktop/HMJ/InteliJ_Java/Dr_nyam_BE/build/libs/Dr_nyam_BE-0.0.1-SNAPSHOT.jar started by hanminjeong in /Users/hanminjeong/Desktop/HMJ/InteliJ_Java/Dr_nyam_BE)
2026-02-02T13:43:43.424+09:00 DEBUG 95084 --- [dr-nyam] [           main] c.p.dr_nyam_be.DrNyamBeApplication       : Running with Spring Boot v3.2.2, Spring v6.1.3
2026-02-02T13:43:43.424+09:00  INFO 95084 --- [dr-nyam] [           main] c.p.dr_nyam_be.DrNyamBeApplication       : The following 1 profile is active: "local"
2026-02-02T13:43:43.931+09:00  INFO 95084 --- [dr-nyam] [           main] .s.d.r.c.RepositoryConfigurationDelegate : Bootstrapping Spring Data JPA repositories in DEFAULT mode.
2026-02-02T13:43:43.967+09:00  INFO 95084 --- [dr-nyam] [           main] .s.d.r.c.RepositoryConfigurationDelegate : Finished Spring Data repository scanning in 32 ms. Found 4 JPA repository interfaces.
2026-02-02T13:43:44.196+09:00  INFO 95084 --- [dr-nyam] [           main] o.s.b.w.embedded.tomcat.TomcatWebServer  : Tomcat initialized with port 8080 (http)
2026-02-02T13:43:44.201+09:00  INFO 95084 --- [dr-nyam] [           main] o.apache.catalina.core.StandardService   : Starting service [Tomcat]
2026-02-02T13:43:44.201+09:00  INFO 95084 --- [dr-nyam] [           main] o.apache.catalina.core.StandardEngine    : Starting Servlet engine: [Apache Tomcat/10.1.18]
2026-02-02T13:43:44.217+09:00  INFO 95084 --- [dr-nyam] [           main] o.a.c.c.C.[Tomcat].[localhost].[/]       : Initializing Spring embedded WebApplicationContext
2026-02-02T13:43:44.218+09:00  INFO 95084 --- [dr-nyam] [           main] w.s.c.ServletWebServerApplicationContext : Root WebApplicationContext: initialization completed in 750 ms
2026-02-02T13:43:44.231+09:00  INFO 95084 --- [dr-nyam] [           main] com.zaxxer.hikari.HikariDataSource       : HikariPool-1 - Starting...
2026-02-02T13:43:44.304+09:00  INFO 95084 --- [dr-nyam] [           main] com.zaxxer.hikari.pool.HikariPool        : HikariPool-1 - Added connection conn0: url=jdbc:h2:mem:drnyam user=SA
2026-02-02T13:43:44.304+09:00  INFO 95084 --- [dr-nyam] [           main] com.zaxxer.hikari.HikariDataSource       : HikariPool-1 - Start completed.
2026-02-02T13:43:44.309+09:00  INFO 95084 --- [dr-nyam] [           main] o.s.b.a.h2.H2ConsoleAutoConfiguration    : H2 console available at '/h2-console'. Database available at 'jdbc:h2:mem:drnyam'
2026-02-02T13:43:44.337+09:00 DEBUG 95084 --- [dr-nyam] [           main] c.p.d.g.s.jwt.JwtAuthenticationFilter    : Filter 'jwtAuthenticationFilter' configured for use
2026-02-02T13:43:44.369+09:00  INFO 95084 --- [dr-nyam] [           main] o.hibernate.jpa.internal.util.LogHelper  : HHH000204: Processing PersistenceUnitInfo [name: default]
2026-02-02T13:43:44.390+09:00  INFO 95084 --- [dr-nyam] [           main] org.hibernate.Version                    : HHH000412: Hibernate ORM core version 6.4.1.Final
2026-02-02T13:43:44.403+09:00  INFO 95084 --- [dr-nyam] [           main] o.h.c.internal.RegionFactoryInitiator    : HHH000026: Second-level cache disabled
2026-02-02T13:43:44.497+09:00  INFO 95084 --- [dr-nyam] [           main] o.s.o.j.p.SpringPersistenceUnitInfo      : No LoadTimeWeaver setup: ignoring JPA class transformer
2026-02-02T13:43:44.934+09:00  INFO 95084 --- [dr-nyam] [           main] o.h.e.t.j.p.i.JtaPlatformInitiator       : HHH000489: No JTA platform available (set 'hibernate.transaction.jta.platform' to enable JTA platform integration)
Hibernate: 
    drop table if exists pins cascade 
Hibernate: 
    drop table if exists places cascade 
Hibernate: 
    drop table if exists share_links cascade 
Hibernate: 
    drop table if exists users cascade 
Hibernate: 
    create table pins (
        rating integer not null,
        created_at timestamp(6) not null,
        pin_id bigint generated by default as identity,
        place_id bigint not null,
        updated_at timestamp(6),
        user_id bigint not null,
        tags varchar(500),
        comment TEXT,
        primary key (pin_id),
        unique (user_id, place_id)
    )
Hibernate: 
    create table places (
        latitude float(53) not null,
        longitude float(53) not null,
        created_at timestamp(6) not null,
        place_id bigint generated by default as identity,
        updated_at timestamp(6),
        category varchar(100),
        naver_place_id varchar(100) not null unique,
        name varchar(200) not null,
        address varchar(500),
        road_address varchar(500),
        primary key (place_id)
    )
Hibernate: 
    create table share_links (
        is_active boolean,
        created_at timestamp(6) not null,
        expired_at timestamp(6),
        updated_at timestamp(6),
        user_id bigint not null,
        link_uuid varchar(36) not null,
        primary key (link_uuid)
    )
Hibernate: 
    create table users (
        created_at timestamp(6) not null,
        updated_at timestamp(6),
        user_id bigint generated by default as identity,
        provider varchar(20) not null check (provider in ('KAKAO','NAVER')),
        role varchar(20) not null check (role in ('USER','ADMIN')),
        nickname varchar(50) not null,
        email varchar(100) not null,
        primary key (user_id),
        unique (email, provider)
    )
Hibernate: 
    alter table if exists pins 
       add constraint FKihv2f2xnks2pcpi459s0lw72v 
       foreign key (place_id) 
       references places
Hibernate: 
    alter table if exists pins 
       add constraint FKjtdqg04rdo7uq71d7kwrwgoxl 
       foreign key (user_id) 
       references users
Hibernate: 
    alter table if exists share_links 
       add constraint FKskus5hnn24gx73v2d0ps5qm3i 
       foreign key (user_id) 
       references users
2026-02-02T13:43:44.969+09:00  INFO 95084 --- [dr-nyam] [           main] j.LocalContainerEntityManagerFactoryBean : Initialized JPA EntityManagerFactory for persistence unit 'default'
2026-02-02T13:43:45.127+09:00  INFO 95084 --- [dr-nyam] [           main] o.s.d.j.r.query.QueryEnhancerFactory     : Hibernate is in classpath; If applicable, HQL parser will be used.
2026-02-02T13:43:45.469+09:00  WARN 95084 --- [dr-nyam] [           main] JpaBaseConfiguration$JpaWebConfiguration : spring.jpa.open-in-view is enabled by default. Therefore, database queries may be performed during view rendering. Explicitly configure spring.jpa.open-in-view to disable this warning
2026-02-02T13:43:45.483+09:00 DEBUG 95084 --- [dr-nyam] [           main] swordEncoderAuthenticationManagerBuilder : No authenticationProviders and no parentAuthenticationManager defined. Returning null.
2026-02-02T13:43:45.611+09:00  INFO 95084 --- [dr-nyam] [           main] o.s.s.web.DefaultSecurityFilterChain     : Will secure any request with [org.springframework.security.web.session.DisableEncodeUrlFilter@799bb4ed, org.springframework.security.web.context.request.async.WebAsyncManagerIntegrationFilter@5269aa68, org.springframework.security.web.context.SecurityContextHolderFilter@4467c026, org.springframework.security.web.header.HeaderWriterFilter@5813046e, org.springframework.web.filter.CorsFilter@7dcd8e74, org.springframework.security.web.authentication.logout.LogoutFilter@6ef3f72c, org.springframework.security.oauth2.client.web.OAuth2AuthorizationRequestRedirectFilter@635900ef, org.springframework.security.oauth2.client.web.OAuth2LoginAuthenticationFilter@2b208574, com.project.dr_nyam_be.global.security.jwt.JwtAuthenticationFilter@10d18696, org.springframework.security.web.authentication.ui.DefaultLoginPageGeneratingFilter@17cea679, org.springframework.security.web.authentication.ui.DefaultLogoutPageGeneratingFilter@6a7c0932, org.springframework.security.web.savedrequest.RequestCacheAwareFilter@17cf5dcc, org.springframework.security.web.servletapi.SecurityContextHolderAwareRequestFilter@6bd5cb99, org.springframework.security.web.authentication.AnonymousAuthenticationFilter@4e64e44c, org.springframework.security.web.session.SessionManagementFilter@5da61ee2, org.springframework.security.web.access.ExceptionTranslationFilter@17f43f4a, org.springframework.security.web.access.intercept.AuthorizationFilter@2eb6a77f]
2026-02-02T13:43:45.732+09:00  WARN 95084 --- [dr-nyam] [           main] ConfigServletWebServerApplicationContext : Exception encountered during context initialization - cancelling refresh attempt: org.springframework.context.ApplicationContextException: Failed to start bean 'webServerStartStop'
2026-02-02T13:43:45.733+09:00  INFO 95084 --- [dr-nyam] [           main] j.LocalContainerEntityManagerFactoryBean : Closing JPA EntityManagerFactory for persistence unit 'default'
Hibernate: 
    drop table if exists pins cascade 
Hibernate: 
    drop table if exists places cascade 
Hibernate: 
    drop table if exists share_links cascade 
Hibernate: 
    drop table if exists users cascade 
2026-02-02T13:43:45.736+09:00  INFO 95084 --- [dr-nyam] [           main] com.zaxxer.hikari.HikariDataSource       : HikariPool-1 - Shutdown initiated...
2026-02-02T13:43:45.736+09:00  INFO 95084 --- [dr-nyam] [           main] com.zaxxer.hikari.HikariDataSource       : HikariPool-1 - Shutdown completed.
2026-02-02T13:43:45.743+09:00  INFO 95084 --- [dr-nyam] [           main] .s.b.a.l.ConditionEvaluationReportLogger : 

Error starting ApplicationContext. To display the condition evaluation report re-run your application with 'debug' enabled.
2026-02-02T13:43:45.749+09:00 ERROR 95084 --- [dr-nyam] [           main] o.s.b.d.LoggingFailureAnalysisReporter   : 

***************************
APPLICATION FAILED TO START
***************************

Description:

Web server failed to start. Port 8080 was already in use.

Action:

Identify and stop the process that's listening on port 8080 or configure this application to listen on another port.

